procs  memory       page                    disks     faults         cpu
r b w  avm   fre   flt  re  pi  po    fr   sr da0 cd0   in    sy    cs us sy id
0 0 0 258M  837M   706   0   5   0  1467   12   0   0   89  2888   331  4  3 93
0 0 0 259M  837M     9   0   0   0     8   20   1   0   58   221   229  0  1 99
1 0 0 259M  836M    51   0   0   0     0   20   0   0 1470 14141  3641 65 23 12
1 0 0 259M  836M    30   0   0   0    16   20  20   0 1939 16047  5151 78 22  0
1 0 0 259M  836M   616   0   0   0   581   22   0   0 1811 17538  4916 77 23  0
1 0 0 259M  836M    41   0   0   0     0   20   0   0 1954 16098  5179 71 29  0
1 0 0 259M  836M   444   0   0   0   412   20   1   0 1643 16913  4173 77 23  0
1 0 0 259M  835M    33   0   0   0     0   20   0   0 1769 16332  4519 74 26  0
1 0 0 260M  835M   744   0   0   0   712   20   0   0 1857 17451  4869 79 21  0
1 0 0 260M  835M    85   0   0   0     0   20   0   0 1843 15649  4607 80 20  0
1 0 0 260M  835M   440   0   0   0   820   20   0   0 1764 17144  4568 82 18  0
1 0 0 260M  835M    33   0   0   0     0   22   0   0 1865 16531  4998 73 27  0
1 0 0 260M  835M   141   0   0   0   102   20   0   0 1363 16927  3328 76 24  0
1 0 0 260M  834M    30   0   0   0     0   20   0   0 1865 16474  5188 83 17  0
1 0 0 261M  834M   443   0   0   0   412   20   0   0 1839 17375  4860 73 27  0
1 0 0 261M  834M    69   0   0   0     0   20   0   0 1776 16147  4702 75 25  0
1 0 0 262M  833M   469   0   0   0   286   20   0   0 1715 16993  4442 74 26  0
1 0 0 262M  833M    32   0   0   0     0   20   0   0 1792 16103  4772 78 22  0
1 0 0 262M  833M   318   0   0   0   286   20   0   0 1704 16780  4533 77 23  0
1 0 0 262M  833M    34   0   0   0     0   22   0   0 1719 16171  4428 73 27  0
procs  memory       page                    disks     faults         cpu
r b w  avm   fre   flt  re  pi  po    fr   sr da0 cd0   in    sy    cs us sy id
1 0 0 262M  833M    35   0   0   0     0   20   0   0 1644 15688  4280 80 20  0
1 0 0 262M  833M    31   0   0   0     0   20   2   0 1628 15396  4236 82 18  0
1 0 0 262M  833M   359   0   0   0   326   20   0   0 1691 17005  4522 74 26  0
1 0 0 262M  832M    35   0   0   0     0   20   0   0 1783 16340  4700 76 24  0
1 0 0 263M  832M   304   0   0   0   271   22   0   0 1748 17087  4603 75 25  0
1 0 0 263M  832M    35   0   0   0     0   20   0   0 1690 16215  4369 78 22  0
1 0 0 263M  832M   305   0   0   0   270   20   0   0 2116 17772  6011 77 23  0
1 0 0 263M  832M    32   0   0   0     0   20   0   0 1674 16232  4148 77 23  0
1 0 0 263M  831M   377   0   0   0   270   20   0   0 1839 17062  5047 76 24  0
1 0 0 265M  830M   555   0   0   0   148   20   0   0 1822 16416  4741 74 26  0
1 0 0 265M  830M   154   0   0   0   122   20   0   0 1729 16543  4502 77 23  0
1 0 0 265M  830M   619   0   0   0   588   22   2   0 1904 17499  5238 77 23  0
1 0 0 265M  830M    31   0   0   0     0   20   0   0 1757 16460  4564 78 22  0
1 0 0 265M  829M   207   0   0   0   174   20   0   0 1698 16671  4523 77 23  0
1 0 0 266M  829M   270   0   0   0   238   20  12   0 1796 16830  4614 75 25  0
1 0 0 266M  829M    32   0   0   0     0   20   0   0 1712 16112  4446 72 28  0
1 0 0 266M  829M   441   0   0   0   412   20   0   0 1812 16932  4664 74 26  0
1 0 0 266M  829M    33   0   0   0     0   20   0   0 1946 16749  5421 78 22  0
1 0 0 266M  829M   445   0   0   0   412   22   0   0 1833 17364  4843 74 26  0
1 0 0 266M  829M    33   0   0   0     0   20   0   0 1743 16218  4683 74 26  0
procs  memory       page                    disks     faults         cpu
r b w  avm   fre   flt  re  pi  po    fr   sr da0 cd0   in    sy    cs us sy id
1 0 0 266M  829M   144   0   0   0   112   20   0   0 1937 16671  5034 76 24  0
1 0 0 266M  828M   142   0   0   0   110   20   0   0 1811 16680  4852 76 24  0
1 0 0 267M  828M   560   0   0   0   532   20   0   0 1689 17201  4450 74 26  0
1 0 0 267M  828M    32   0   0   0     0   20   0   0 1812 16176  4874 80 20  0
1 0 0 267M  828M   445   0   0   0   412   22   0   0 1835 17402  4838 74 26  0
1 0 0 267M  828M    33   0   0   0     0   20   0   0 1741 16952  4503 76 24  0
1 0 0 267M  828M   442   0   0   0   420   20   1   0 1907 17071  5073 78 22  0
1 0 0 267M  828M    33   0   0   0     0   20   0   0 1728 16240  4663 79 21  0
1 0 0 267M  828M   442   0   0   0   412   20   0   0 1959 17168  5231 78 22  0
1 0 0 267M  827M    34   0   0   0     0   22   0   0 1875 16812  5101 76 24  0
1 0 0 268M  827M   444   0   0   0   412   20   0   0 1776 17404  4549 79 21  0
2 0 0 268M  827M    34   0   0   0     0   20   0   0 1796 16666  4723 77 23  0
1 0 0 268M  827M   445   0   0   0   415   20   2   0 1626 17607  4266 77 23  0
1 0 0 268M  827M   110   0   0   0    78   20   0   0 1722 16664  4416 75 25  0
1 0 0 269M  826M   181   0   0   0     1   22   0   0 1800 16228  4657 77 23  0
1 0 0 269M  826M   112   0   0   0    79   20   0   0 1678 16896  4242 77 23  0
1 0 0 269M  826M    34   0   0   0     0   20   0   0 1675 16997  4375 79 21  0
1 0 0 272M  824M   712   0   0   0   127   20   0   0 1792 16294  4685 78 22  0
1 0 0 272M  823M    32   0   0   0     0   20   0   0 1608 16226  4049 77 23  0
1 0 0 272M  823M   111   0   0   0    79   20   0   0 1786 16277  4485 77 23  0
procs  memory       page                    disks     faults         cpu
r b w  avm   fre   flt  re  pi  po    fr   sr da0 cd0   in    sy    cs us sy id
1 0 0 272M  823M    33   0   0   0     0   20   1   0 1826 16630  4639 76 24  0
1 0 0 272M  823M    35   0   0   0     1   22   1   0 1757 16895  4602 77 23  0
1 0 0 272M  823M    31   0   0   0     0   20   0   0 1263 15992  3031 78 22  0
1 0 0 273M  823M   494   0   0   0   460   20   0   0 2070 17285  5817 74 26  0
1 0 0 273M  823M    35   0   0   0     0   22   0   0 1814 17204  4813 78 22  0
1 0 0 273M  823M   105   0   0   0    71   20   0   0 1754 16901  4590 74 26  0
1 0 0 273M  822M    32   0   0   0     0   20   0   0 1577 15992  4083 75 25  0
1 0 0 273M  822M   104   0   0   0    71   20   0   0 1746 16368  4552 78 22  0
1 0 0 273M  822M    34   0   0   0     0   22   0   0 1858 16668  4866 77 23  0
1 0 0 273M  822M   441   0   0   0   408   20   0   0 1786 17480  4572 82 18  0
1 0 0 273M  822M    29   0   0   0     0   20   0   0 1517 14978  4031 78 22  0
1 0 0 274M  822M   509   0   0   0   478   20   0   0 1565 16063  4146 75 25  0
1 0 0 274M  822M    28   0   0   0     0   20   0   0 1500 14725  3842 76 24  0
1 0 0 274M  822M   224   0   0   0   199   20   2   0 1640 15582  4419 80 20  0
1 0 0 274M  821M    26   0   0   0     0   24   0   0 1669 15791  4317 78 22  0
1 0 0 274M  821M    48   0   0   0    19   33   0   0 1604 15490  4223 74 26  0
1 0 0 274M  821M    31   0   0   0     0   30   0   0 1613 15633  4225 78 22  0
1 0 0 274M  821M    50   0   0   0    17   30   0   0 1710 16694  4241 73 27  0
1 0 0 274M  821M    35   0   0   0     0   33   0   0 1867 16999  5013 79 21  0
1 0 0 275M  821M   505   0   0   0   472   30   0   0 1915 17568  5067 74 26  0
procs  memory       page                    disks     faults         cpu
r b w  avm   fre   flt  re  pi  po    fr   sr da0 cd0   in    sy    cs us sy id
1 0 0 275M  821M    31   0   0   0     0   30   0   0 1821 16214  4859 75 25  0
1 0 0 275M  821M   312   0   0   0   279   30   0   0 1661 17061  4429 77 23  0
1 0 0 275M  820M    31   0   0   0     0   30   0   0 1666 15658  4356 79 21  0
1 0 0 275M  820M   238   0   0   0   206   30   0   0 1551 15300  4165 78 22  0
1 0 0 275M  820M    30   0   0   0     0   30   0   0 1832 15961  5026 81 19  0
1 0 0 275M  820M   433   0   0   0   402   33   0   0 1609 16214  4168 77 23  0
1 0 0 275M  820M    28   0   0   0     0   30   0   0 1492 13752  3958 78 22  0
1 0 0 275M  820M    27   0   0   0     0   30   0   0 1459 13923  3767 76 24  0
1 0 0 276M  820M   725   0   0   0   693   30   0   0 1717 16849  4663 76 24  0
1 0 0 276M  820M    31   0   0   0     0   30   0   0 1639 15610  4291 81 19  0
1 0 0 276M  820M   183   0   0   0   158   30   0   0 1459 13539  3504 77 23  0
1 0 0 276M  819M    30   0   0   0     2   30   0   0 1776 15726  4954 77 23  0
1 0 0 276M  819M   444   0   0   0   412   30   1   0 1793 16957  4882 80 20  0
1 0 0 276M  819M    30   0   0   0     8   33   1   0 1612 15236  4040 80 20  0
1 0 0 276M  819M   445   0   0   0   412   30   0   0 1829 17467  4806 79 21  0
1 0 0 276M  819M    34   0   0   0     0   30   0   0 1759 16578  4761 80 20  0
1 0 0 277M  819M   191   0   0   0   159   30   0   0 1933 16286  5117 79 21  0
1 0 0 277M  819M    32   0   0   0     0   30   0   0 1639 16208  4213 76 24  0
1 0 0 277M  819M   451   0   0   0   418   30   0   0 1822 16902  4732 80 20  0
1 0 0 277M  818M    31   0   0   0     0   30   0   0 1800 16189  4678 73 27  0
procs  memory       page                    disks     faults         cpu
r b w  avm   fre   flt  re  pi  po    fr   sr da0 cd0   in    sy    cs us sy id
1 0 0 277M  818M   364   0   0   0   331   33   0   0 1655 16828  4416 73 27  0
1 0 0 277M  818M    31   0   0   0     0   30   0   0 1799 16310  4611 73 27  0
