procs  memory       page                    disks     faults         cpu
r b w  avm   fre   flt  re  pi  po    fr   sr da0 cd0   in    sy    cs us sy id
0 0 0 258M  837M   386   0   3   0   802   16   0   0   65  1664   257  3  2 95
0 0 0 259M  837M    15   0   0   0     8   22   1   0  394  2339   934  9  9 82
1 0 0 259M  836M    61   0   0   0     1   20   0   0 1465 12948  3829 62 19 19
1 0 0 259M  836M    34   0   0   0     1   20   0   0 1747 16464  4921 77 23  0
1 0 0 259M  836M    31   0   0   0     0   20   0   0 1830 16279  4949 75 25  0
1 0 0 259M  836M   555   0   0   0  1042   20   0   0 1873 17392  4914 73 27  0
1 0 0 259M  836M    21   0   0   0     0   20   0   0 1737 16203  4526 75 25  0
1 0 0 259M  836M    32   0   0   0     0   20   0   0 1757 16159  4513 77 23  0
1 0 0 260M  835M   454   0   0   0   364   22   0   0 1632 16845  4240 76 24  0
1 0 0 260M  835M    32   0   0   0     0   20   0   0 1771 16363  4546 78 22  0
1 0 0 260M  835M   267   0   0   0   230   20   0   0 1908 17167  5033 73 27  0
1 0 0 260M  835M    33   0   0   0     0   20   0   0 1888 16622  4955 79 21  0
1 0 0 260M  835M    91   0   0   0    54   20   2   0 1728 16561  4473 78 22  0
1 0 0 260M  835M    61   0   0   0    29   20   0   0 1696 16303  4495 74 26  0
1 0 0 261M  834M   166   0   0   0    97   20   0   0 1905 16167  5025 77 23  0
1 0 0 261M  834M   180   0   0   0     0   20   0   0 1706 16268  4535 78 22  0
1 0 0 261M  834M   540   0   0   0   507   22   0   0 1759 17650  4487 73 27  0
1 0 0 261M  833M    32   0   0   0     0   20   0   0 1696 16500  4364 78 22  0
1 0 0 262M  833M   446   0   0   0   412   20   0   0 1780 17429  4580 77 23  0
1 0 0 262M  833M   212   0   0   0   182   20   0   0 1859 16503  4659 74 26  0
procs  memory       page                    disks     faults         cpu
r b w  avm   fre   flt  re  pi  po    fr   sr da0 cd0   in    sy    cs us sy id
1 0 0 262M  833M   264   0   0   0   230   20   0   0 1752 16756  4607 77 23  0
1 0 0 262M  833M   335   0   0   0   302   20   0   0 1985 16963  5167 76 24  0
1 0 0 262M  833M    32   0   0   0     0   20   0   0 1556 16224  3958 76 24  0
1 0 0 262M  833M   437   0   0   0   404   20   0   0 1639 17403  4201 78 22  0
1 0 0 262M  833M    32   0   0   0     0   22   0   0 1754 16289  4372 74 26  0
1 0 0 263M  832M   436   0   0   0   404   20   0   0 1761 16881  4509 73 27  0
1 0 0 263M  832M    34   0   0   0     0   20   0   0 1660 16265  4318 77 23  0
1 0 0 263M  832M   246   0   0   0   214   20   0   0 1748 16731  4410 74 26  0
1 0 0 263M  832M   106   0   0   0     0   20   0   0 1671 16258  4316 77 23  0
1 0 0 265M  830M   549   0   0   0   230   20  25   0 1810 16520  4773 75 25  0
1 0 0 265M  830M    34   0   0   0     0   20   0   0 1765 16514  4740 77 23  0
1 0 0 265M  830M   270   0   0   0   239   20   2   0 1964 16738  5423 78 22  0
1 0 0 265M  830M    34   0   0   0     0   20   0   0  968 16769  2100 78 22  0
1 0 0 265M  830M    34   0   0   0     1   22   0   0 1526 16056  3933 75 25  0
1 0 0 265M  830M    32   0   0   0     0   20   0   0 1904 16290  5058 75 25  0
1 0 0 266M  830M    34   0   0   0     1   20   0   0 1672 16753  4296 74 26  0
1 0 0 266M  830M    35   0   0   0     0   20   0   0 1679 16252  4341 79 21  0
1 0 0 266M  829M    64   0   0   0    31   20   0   0 1710 16331  4337 78 22  0
1 0 0 266M  829M    31   0   0   0     0   20   0   0 1784 16069  4524 77 23  0
1 0 0 266M  829M    64   0   0   0    31   20   0   0 1667 16286  4309 81 19  0
procs  memory       page                    disks     faults         cpu
r b w  avm   fre   flt  re  pi  po    fr   sr da0 cd0   in    sy    cs us sy id
1 0 0 266M  829M    33   0   0   0     0   22   0   0 1887 16300  5036 74 26  0
1 0 0 266M  829M   146   0   0   0   110   20   0   0 1916 17061  5142 73 27  0
1 0 0 266M  829M    33   0   0   0     0   20   0   0 1852 16311  4864 80 20  0
1 0 0 267M  829M   259   0   0   0   230   20   0   0 1675 16906  4409 75 25  0
1 0 0 267M  828M    32   0   0   0     0   20   0   0 1700 16262  4347 77 23  0
1 0 0 267M  828M   263   0   0   0   230   20   0   0 1798 17029  4597 72 28  0
1 0 0 267M  828M    31   0   0   0     8   22   1   0 1830 16166  4683 72 28  0
1 0 0 267M  828M    32   0   0   0     1   20   0   0 1634 16176  4150 75 25  0
1 0 0 267M  828M    33   0   0   0     0   20   0   0 1838 16276  4834 72 28  0
1 0 0 267M  828M    34   0   0   0     1   20   0   0 1754 16573  4467 69 31  0
1 0 0 267M  828M    33   0   0   0     0   20   0   0 1786 16566  4571 79 21  0
1 0 0 268M  828M    34   0   0   0     1   20   0   0 1859 16512  4944 71 29  0
1 0 0 268M  827M    37   0   0   0     0   20   0   0 1778 16493  4444 75 25  0
1 0 0 268M  827M   420   0   0   0   390   20   0   0 1639 17671  4226 78 22  0
1 0 0 268M  827M   179   0   0   0     3   20   0   0 1742 16628  4699 77 23  0
1 0 0 269M  826M   421   0   0   0   390   22   0   0 1963 16872  5358 77 23  0
1 0 0 271M  824M   634   0   0   0     0   20   0   0 1790 15820  4670 75 25  0
1 0 0 271M  824M   102   0   0   0    70   20   0   0 1650 16435  4460 75 25  0
1 0 0 271M  824M    33   0   0   0     0   20   0   0 1725 16291  4660 73 27  0
1 0 0 272M  824M   101   0   0   0    78   20   3   0 1802 16233  4597 75 25  0
procs  memory       page                    disks     faults         cpu
r b w  avm   fre   flt  re  pi  po    fr   sr da0 cd0   in    sy    cs us sy id
1 0 0 272M  823M    33   0   0   0     0   20   1   0 1552 16350  4092 76 24  0
1 0 0 272M  824M    96   0   0   0   167   20   1   0 1768 16913  4628 77 23  0
1 0 0 272M  824M    33   0   0   0     0   20   0   0 1733 16091  4413 75 25  0
1 0 0 272M  823M    38   0   0   0     3   20   0   0 1111 16332  2572 79 21  0
1 0 0 272M  823M    33   0   0   0     0   22   0   0 1778 16388  4649 73 27  0
1 0 0 272M  823M    32   0   0   0     1   20   0   0 1663 16106  4087 74 26  0
1 0 0 272M  823M    32   0   0   0     0   20   0   0 1769 16294  4453 77 23  0
1 0 0 273M  823M   319   0   0   0   286   20   0   0 1853 17093  4731 75 25  0
1 0 0 273M  823M    32   0   0   0     0   20   0   0 1625 16176  4078 77 23  0
1 0 0 273M  823M   319   0   0   0   286   20   0   0 1713 17120  4244 78 22  0
1 0 0 273M  823M   667   0   0   0   636   20   0   0 1901 17851  4985 78 22  0
1 0 0 273M  822M    39   0   0   0     1   20   0   0 1779 16382  4700 82 18  0
1 0 0 273M  822M   207   0   0   0   174   22   0   0 1855 17139  4654 74 26  0
1 0 0 273M  822M    34   0   0   0     0   20   2   0 1583 17021  4022 79 21  0
1 0 0 274M  822M    32   0   0   0     1   20   0   0 1660 16061  4238 76 24  0
1 0 0 274M  822M    36   0   0   0     0   20   0   0 1778 16443  4637 74 26  0
1 0 0 274M  822M    95   0   0   0    63   20   0   0 1821 16329  4542 72 28  0
1 0 0 274M  822M    32   0   0   0     3   20   0   0 1613 16183  4137 80 20  0
1 0 0 274M  822M    96   0   0   0    63   28   0   0 1804 16411  4570 76 24  0
1 0 0 274M  821M    33   0   0   0     0   30   0   0 1793 16699  4598 76 24  0
procs  memory       page                    disks     faults         cpu
r b w  avm   fre   flt  re  pi  po    fr   sr da0 cd0   in    sy    cs us sy id
1 0 0 274M  821M    95   0   0   0    63   30   0   0 1748 16362  4543 76 24  0
1 0 0 274M  821M    37   0   0   0     0   30   0   0 2039 16976  5583 75 25  0
1 0 0 275M  821M    32   0   0   0     1   30   0   0 1810 16205  4808 78 22  0
1 0 0 275M  821M    34   0   0   0     0   30   0   0 1625 16270  4079 74 26  0
1 0 0 275M  821M   282   0   0   0   252   30   0   0 1682 16695  4305 70 30  0
1 0 0 275M  821M    34   0   0   0     0   33   0   0 1737 16383  4778 77 23  0
1 0 0 275M  821M    50   0   0   0    23   30   0   0 1931 16673  5039 73 27  0
1 0 0 275M  820M    33   0   0   0     0   30   0   0 1891 16357  4883 76 24  0
1 0 0 275M  820M    54   0   0   0    23   30   0   0 1668 16316  4146 71 29  0
1 0 0 275M  820M    34   0   0   0     0   30   0   0 1891 16756  5131 80 20  0
1 0 0 276M  820M    56   0   0   0    23   30   1   0 1749 16427  4653 75 25  0
1 0 0 276M  820M    34   0   0   0     0   33   0   0 1827 16382  4606 78 22  0
1 0 0 276M  820M   413   0   0   0   383   30   1   0 1794 17341  4641 73 27  0
1 0 0 276M  820M   292   0   0   0   324   30   1   0 1451 17217  3555 84 16  0
1 0 0 276M  819M   523   0   0   0   492   30   0   0 1387 16891  3415 78 22  0
1 0 0 276M  819M    33   0   0   0     0   30   0   0 1785 16224  4501 75 25  0
1 0 0 276M  819M    34   0   0   0     1   33   0   0 1834 16451  4828 80 20  0
1 0 0 276M  819M    33   0   0   0     0   30   0   0 1657 16278  4293 81 19  0
1 0 0 277M  819M    73   0   0   0    39   30   0   0 1818 16362  4713 79 21  0
1 0 0 277M  819M    33   0   0   0     0   30   0   0 1730 16606  4491 73 27  0
procs  memory       page                    disks     faults         cpu
r b w  avm   fre   flt  re  pi  po    fr   sr da0 cd0   in    sy    cs us sy id
1 0 0 277M  819M    69   0   0   0    39   30   0   0 1641 16180  4258 79 21  0
1 0 0 277M  819M    34   0   0   0     0   30   0   0 1779 16203  4571 70 30  0
1 0 0 277M  818M   315   0   0   0   284   30   0   0 1818 16659  4707 77 23  0
1 0 0 277M  818M    33   0   0   0     0   33   0   0 1657 16315  4328 75 25  0
